app/build/intermediates/manifest_merge_blame_file/debug/manifest-merger-blame-debug-report.txt
1<?xml version="1.0" encoding="utf-8"?>
2<manifest xmlns:android="http://schemas.android.com/apk/res/android"
3    package="com.coreservlets.widgets"
4    android:versionCode="1"
5    android:versionName="1.0" >
6
7    <uses-sdk
8        android:minSdkVersion="26"
8-->src/main/AndroidManifest.xml
9        android:targetSdkVersion="29" />
9-->src/main/AndroidManifest.xml
10
11    <application
11-->src/main/AndroidManifest.xml:7:5-50:19
12        android:allowBackup="true"
12-->src/main/AndroidManifest.xml:7:81-107
13        android:debuggable="true"
14        android:extractNativeLibs="false"
15        android:icon="@drawable/icon"
15-->src/main/AndroidManifest.xml:7:18-47
16        android:label="@string/app_name"
16-->src/main/AndroidManifest.xml:7:48-80
17        android:testOnly="true" >
18        <activity
18-->src/main/AndroidManifest.xml:8:9-14:20
19            android:name="com.coreservlets.widgets.WidgetsInitialActivity"
19-->src/main/AndroidManifest.xml:8:19-57
20            android:label="@string/app_name" >
20-->src/main/AndroidManifest.xml:9:19-51
21            <intent-filter>
21-->src/main/AndroidManifest.xml:10:13-13:29
22                <action android:name="android.intent.action.MAIN" />
22-->src/main/AndroidManifest.xml:11:17-69
22-->src/main/AndroidManifest.xml:11:25-66
23
24                <category android:name="android.intent.category.LAUNCHER" />
24-->src/main/AndroidManifest.xml:12:17-77
24-->src/main/AndroidManifest.xml:12:27-74
25            </intent-filter>
26        </activity>
27        <activity
27-->src/main/AndroidManifest.xml:15:9-22:20
28            android:name="com.coreservlets.widgets.ButtonActivity"
28-->src/main/AndroidManifest.xml:15:19-49
29            android:label="@string/button_app_name"
29-->src/main/AndroidManifest.xml:16:19-58
30            android:screenOrientation="portrait" >
30-->src/main/AndroidManifest.xml:17:19-55
31            <intent-filter>
31-->src/main/AndroidManifest.xml:18:13-21:29
32                <action android:name="android.intent.action.VIEW" />
32-->src/main/AndroidManifest.xml:19:17-69
32-->src/main/AndroidManifest.xml:19:25-66
33
34                <category android:name="android.intent.category.DEFAULT" />
34-->src/main/AndroidManifest.xml:20:17-76
34-->src/main/AndroidManifest.xml:20:27-73
35            </intent-filter>
36        </activity>
37        <activity
37-->src/main/AndroidManifest.xml:23:9-30:20
38            android:name="com.coreservlets.widgets.SpinnerActivity"
38-->src/main/AndroidManifest.xml:23:19-50
39            android:label="@string/spinner_app_name"
39-->src/main/AndroidManifest.xml:24:19-59
40            android:screenOrientation="portrait" >
40-->src/main/AndroidManifest.xml:25:19-55
41            <intent-filter>
41-->src/main/AndroidManifest.xml:18:13-21:29
42                <action android:name="android.intent.action.VIEW" />
42-->src/main/AndroidManifest.xml:19:17-69
42-->src/main/AndroidManifest.xml:19:25-66
43
44                <category android:name="android.intent.category.DEFAULT" />
44-->src/main/AndroidManifest.xml:20:17-76
44-->src/main/AndroidManifest.xml:20:27-73
45            </intent-filter>
46        </activity>
47        <activity
47-->src/main/AndroidManifest.xml:32:9-39:20
48            android:name="com.coreservlets.widgets.ListViewActivity"
48-->src/main/AndroidManifest.xml:32:19-51
49            android:label="@string/list_view_app_name"
49-->src/main/AndroidManifest.xml:33:19-61
50            android:screenOrientation="portrait" >
50-->src/main/AndroidManifest.xml:34:19-55
51            <intent-filter>
51-->src/main/AndroidManifest.xml:18:13-21:29
52                <action android:name="android.intent.action.VIEW" />
52-->src/main/AndroidManifest.xml:19:17-69
52-->src/main/AndroidManifest.xml:19:25-66
53
54                <category android:name="android.intent.category.DEFAULT" />
54-->src/main/AndroidManifest.xml:20:17-76
54-->src/main/AndroidManifest.xml:20:27-73
55            </intent-filter>
56        </activity>
57        <activity
57-->src/main/AndroidManifest.xml:41:9-48:20
58            android:name="com.coreservlets.widgets.GridViewActivity"
58-->src/main/AndroidManifest.xml:41:19-51
59            android:label="@string/grid_view_app_name"
59-->src/main/AndroidManifest.xml:42:19-61
60            android:screenOrientation="portrait" >
60-->src/main/AndroidManifest.xml:43:19-55
61            <intent-filter>
61-->src/main/AndroidManifest.xml:18:13-21:29
62                <action android:name="android.intent.action.VIEW" />
62-->src/main/AndroidManifest.xml:19:17-69
62-->src/main/AndroidManifest.xml:19:25-66
63
64                <category android:name="android.intent.category.DEFAULT" />
64-->src/main/AndroidManifest.xml:20:17-76
64-->src/main/AndroidManifest.xml:20:27-73
65            </intent-filter>
66        </activity>
67    </application>
68
69</manifest>